<?xml version="1.0" encoding="UTF-8"?>
<testng-results ignored="0" total="1" passed="1" failed="0" skipped="0">
  <reporter-output>
  </reporter-output>
  <suite started-at="2021-01-06T18:29:28 EST" name="Automation Suite" finished-at="2021-01-06T18:29:37 EST" duration-ms="8516">
    <groups>
    </groups>
    <test started-at="2021-01-06T18:29:28 EST" name="UI Automation" finished-at="2021-01-06T18:29:37 EST" duration-ms="8516">
      <class name="com.qa.test.Testing">
        <test-method signature="testfn()[pri:0, instance:com.qa.test.Testing@279ad2e3]" started-at="2021-01-06T18:29:28 EST" name="testfn" finished-at="2021-01-06T18:29:37 EST" duration-ms="8490" status="PASS">
          <reporter-output>
          </reporter-output>
        </test-method> <!-- testfn -->
      </class> <!-- com.qa.test.Testing -->
    </test> <!-- UI Automation -->
  </suite> <!-- Automation Suite -->
</testng-results>
